<?xml version="1.0" encoding="UTF-8"?>
<!-- Generated by org.testng.reporters.JUnitReportReporter -->
<testsuite hostname="Lohith" failures="0" tests="1" name="jenkins.test1" time="0.019" errors="0" timestamp="2022-05-27T08:42:57 IST" skipped="0">
  <testcase classname="jenkins.test1" name="test" time="0.019"/>
  <system-out>
    <![CDATA[hello pyton]]>
  </system-out>
</testsuite> <!-- jenkins.test1 -->
