<?xml version="1.0" encoding="UTF-8"?>
<!-- Generated by org.testng.reporters.JUnitReportReporter -->
<testsuite hostname="Lohith" failures="0" tests="1" name="jenkins.test3" time="0.007" errors="0" timestamp="2022-05-27T09:04:15 IST" skipped="0">
  <testcase classname="jenkins.test3" name="testB" time="0.007"/>
  <system-out>
    <![CDATA[hello C#]]>
  </system-out>
</testsuite> <!-- jenkins.test3 -->
