<?xml version="1.0" encoding="UTF-8"?>
<!-- Generated by org.testng.reporters.JUnitReportReporter -->
<testsuite hostname="Lohith" failures="0" tests="1" name="jenkins.test2" time="0.002" errors="0" timestamp="2022-05-27T09:04:15 IST" skipped="0">
  <testcase classname="jenkins.test2" name="testA" time="0.002"/>
  <system-out>
    <![CDATA[hello java]]>
  </system-out>
</testsuite> <!-- jenkins.test2 -->
