<?xml version="1.0" encoding="UTF-8"?>
<!-- Generated by org.testng.reporters.JUnitReportReporter -->
<testsuite hostname="Lohith" failures="0" tests="1" name="jenkins.test5" time="0.020" errors="0" timestamp="2022-05-27T17:28:20 IST" skipped="0">
  <testcase classname="jenkins.test5" name="test" time="0.020"/>
  <system-out>
    <![CDATA[hello Ruby]]>
  </system-out>
</testsuite> <!-- jenkins.test5 -->
