<?xml version="1.0" encoding="UTF-8"?>
<!-- Generated by org.testng.reporters.JUnitReportReporter -->
<testsuite skipped="0" hostname="Lohith" name="jenkins.test1" tests="1" failures="0" timestamp="2022-05-27T08:10:59 IST" time="0.007" errors="0">
  <testcase name="test" time="0.007" classname="jenkins.test1"/>
  <system-out>
    <![CDATA[hello pyton]]>
  </system-out>
</testsuite> <!-- jenkins.test1 -->
