<?xml version="1.0" encoding="UTF-8"?>
<!-- Generated by org.testng.reporters.JUnitReportReporter -->
<testsuite skipped="0" hostname="Lohith" name="jenkins.test2" tests="1" failures="0" timestamp="2022-05-27T08:45:56 IST" time="0.000" errors="0">
  <testcase name="testA" time="0.000" classname="jenkins.test2"/>
  <system-out>
    <![CDATA[hello java]]>
  </system-out>
</testsuite> <!-- jenkins.test2 -->
